> Task :app:preBuild UP-TO-DATE
> Task :app:preDebugBuild UP-TO-DATE
> Task :app:mergeDebugNativeDebugMetadata NO-SOURCE
> Task :app:checkKotlinGradlePluginConfigurationErrors SKIPPED
> Task :app:checkDebugAarMetadata UP-TO-DATE
> Task :app:processDebugNavigationResources UP-TO-DATE
> Task :app:compileDebugNavigationResources UP-TO-DATE
> Task :app:generateDebugResValues UP-TO-DATE
> Task :app:mapDebugSourceSetPaths UP-TO-DATE
> Task :app:generateDebugResources UP-TO-DATE
> Task :app:mergeDebugResources UP-TO-DATE
> Task :app:packageDebugResources UP-TO-DATE
> Task :app:parseDebugLocalResources UP-TO-DATE
> Task :app:createDebugCompatibleScreenManifests UP-TO-DATE
> Task :app:extractDeepLinksDebug UP-TO-DATE
> Task :app:processDebugMainManifest UP-TO-DATE
> Task :app:processDebugManifest UP-TO-DATE
> Task :app:processDebugManifestForPackage UP-TO-DATE
> Task :app:processDebugResources UP-TO-DATE
> Task :app:kspDebugKotlin UP-TO-DATE
> Task :app:javaPreCompileDebug UP-TO-DATE
> Task :app:mergeDebugShaders UP-TO-DATE
> Task :app:compileDebugShaders NO-SOURCE
> Task :app:generateDebugAssets UP-TO-DATE
> Task :app:mergeDebugAssets UP-TO-DATE
> Task :app:compressDebugAssets UP-TO-DATE
> Task :app:checkDebugDuplicateClasses UP-TO-DATE
> Task :app:desugarDebugFileDependencies UP-TO-DATE
> Task :app:mergeExtDexDebug UP-TO-DATE
> Task :app:mergeLibDexDebug UP-TO-DATE
> Task :app:mergeDebugJniLibFolders UP-TO-DATE
> Task :app:mergeDebugNativeLibs UP-TO-DATE
> Task :app:stripDebugDebugSymbols UP-TO-DATE
> Task :app:validateSigningDebug UP-TO-DATE
> Task :app:writeDebugAppMetadata UP-TO-DATE
> Task :app:writeDebugSigningConfigVersions UP-TO-DATE

> Task :app:compileDebugKotlin FAILED
e: file:///E:/Cursor%20Play%20ground/AllarmApp/app/src/main/java/com/alarm/app/data/alarm/AlarmService.kt:37:9 Unresolved reference 'createNotificationChannel'.
e: file:///E:/Cursor%20Play%20ground/AllarmApp/app/src/main/java/com/alarm/app/data/alarm/AlarmService.kt:75:9 Unresolved reference 'startRinging'.
e: file:///E:/Cursor%20Play%20ground/AllarmApp/app/src/main/java/com/alarm/app/data/alarm/AlarmService.kt:76:9 Unresolved reference 'startVibration'.
e: file:///E:/Cursor%20Play%20ground/AllarmApp/app/src/main/java/com/alarm/app/ui/ring/challenges/TypingChallenge.kt:125:13 No parameter with name 'value' found.
e: file:///E:/Cursor%20Play%20ground/AllarmApp/app/src/main/java/com/alarm/app/ui/ring/challenges/TypingChallenge.kt:126:13 No parameter with name 'onValueChange' found.
e: file:///E:/Cursor%20Play%20ground/AllarmApp/app/src/main/java/com/alarm/app/ui/ring/challenges/TypingChallenge.kt:126:31 Cannot infer type for this parameter. Please specify it explicitly.
e: file:///E:/Cursor%20Play%20ground/AllarmApp/app/src/main/java/com/alarm/app/ui/ring/challenges/TypingChallenge.kt:130:30 Unresolved reference 'length'.
e: file:///E:/Cursor%20Play%20ground/AllarmApp/app/src/main/java/com/alarm/app/ui/ring/challenges/TypingChallenge.kt:134:13 No parameter with name 'focusRequester' found.
e: file:///E:/Cursor%20Play%20ground/AllarmApp/app/src/main/java/com/alarm/app/ui/ring/challenges/TypingChallenge.kt:139:13 No parameter with name 'keyboardActions' found.
e: file:///E:/Cursor%20Play%20ground/AllarmApp/app/src/main/java/com/alarm/app/ui/ring/challenges/TypingChallenge.kt:139:13 No value passed for parameter 'state'.

FAILURE: Build failed with an exception.

* What went wrong:
Execution failed for task ':app:compileDebugKotlin'.
> A failure occurred while executing org.jetbrains.kotlin.compilerRunner.GradleCompilerRunnerWithWorkers$GradleKotlinCompilerWorkAction
   > Compilation error. See log for more details

* Try:
> Run with --stacktrace option to get the stack trace.
> Run with --info or --debug option to get more log output.
> Run with --scan to get full insights.
> Get more help at https://help.gradle.org.

BUILD FAILED in 2s
31 actionable tasks: 1 executed, 30 up-to-date
